INFO:root:0.42636378308472966,-0.11831161356582987,29.89154871173764
INFO:root:0.36239522417025316,-0.0783424662233452,29.92952759973119
INFO:root:0.28433695675241644,-0.0019105601162438118,29.834812983800262
INFO:root:0.4735901911966014,0.5214250458883272,29.675137546286788
INFO:root:0.3409836175952862,0.5543392863475065,29.561079510820687
INFO:root:0.1875345923326743,0.6457067231617195,29.436607860134608
INFO:root:0.6468411894184217,0.5703644576305894,29.488871502516883
INFO:root:1.0478618113692488,0.406021865290191,29.482520694304927
INFO:root:1.3989457775655225,0.013831702003671065,29.400891851599326
INFO:root:1.650832210256591,0.23397426011086686,29.372287442304714
INFO:root:2.1360760180314604,0.14790948026942186,29.309697290143262
INFO:root:2.2001622463429897,0.7322229828177595,29.35946901656605
INFO:root:1.9447953950222059,1.1914299882634949,29.282224640333084
INFO:root:1.9941483736903791,1.0828164924298873,29.105342753702793
INFO:root:2.0740003005881213,1.133842627807164,29.006661409442763
INFO:root:1.8734506275097138,1.1250742211760276,28.910982706832193
INFO:root:2.2428692973980713,1.5988924594240423,28.91361811324077
INFO:root:2.286639209145217,1.3378412291186783,28.887977444430934
INFO:root:2.6755099313884267,1.6550964761333489,28.859243619479336
INFO:root:2.3308142753071515,1.4220397051236267,28.733410002345956
INFO:root:2.536261545354511,1.1838569766427745,28.696846248365905
INFO:root:2.7055509878689104,1.1750582053334022,28.658109532472352
INFO:root:2.3836123415093713,0.9222070281149615,28.569828419862247
INFO:root:2.510363625343701,0.5656926148040898,28.485031300736207
INFO:root:2.667897376207666,0.9005755868849169,28.416838984387233
INFO:root:2.7384962608353116,1.384334980068207,28.23044857636004
INFO:root:2.9108138789122293,1.2276786337286543,28.153982005583497
INFO:root:3.1155941515985432,1.5330356965884548,28.06892140896539
INFO:root:3.105859905328977,1.981376803136647,27.92101003607455
INFO:root:3.4809517456771957,1.9060760122098848,27.86608977852171
INFO:root:3.7250209390360816,2.211498172172627,27.741650948124335
INFO:root:3.8349654537747386,2.1843517980011393,27.56350573793304
INFO:root:4.256596619720316,2.779169924250961,27.56081347732027
INFO:root:4.554646093262434,2.7546514182217954,27.58046014189646
INFO:root:4.80310991172064,3.158461800734354,27.51713794893719
INFO:root:4.787356739432294,3.710128554770747,27.482822931614848
INFO:root:4.796227904823863,3.8614934474920255,27.34343821382426
INFO:root:4.8984002126087764,3.6167723860950582,27.282133868932114
INFO:root:4.70357789886031,4.029214237947508,27.34419312744787
INFO:root:5.020426258799294,4.196136751613202,27.17752216637591
INFO:root:4.723181666938275,3.8710269591964357,27.09304891916203
INFO:root:5.219589171553419,3.9503530878492983,27.093982250851663
INFO:root:5.403011787177376,4.295776975607916,26.919893801252215
INFO:root:5.1170263149763295,4.542232317201826,26.77809190147017
INFO:root:5.095325920997087,4.597442011422329,26.74830306950861
INFO:root:4.846813715129683,4.9692949025871105,26.76389957631924
INFO:root:4.598194142568694,4.753983512315089,26.727041651871893
INFO:root:4.8911501867500915,5.032471170410711,26.54986033405552
INFO:root:4.682177219022771,5.17710584483694,26.62065339171822
INFO:root:5.14259428644433,5.434235742826636,26.627761866593893
INFO:root:4.950541945651875,5.364412988660474,26.57027139848925
INFO:root:5.095440350041152,5.209594499474201,26.45781577248521
INFO:root:4.921506378597786,4.9484689782353,26.522570235659913
INFO:root:5.0630954549734195,4.647101708764628,26.596919595521936
INFO:root:4.931821328287327,4.550654356417861,26.594220640183003
INFO:root:5.400222249291112,4.448796242920892,26.459981457553738
INFO:root:5.328488253208005,4.528632467255265,26.261305515761617
INFO:root:5.1999716265160565,4.16823812775117,26.326313804888724
INFO:root:4.9778826089832515,3.9204314918686984,26.224976397060463
INFO:root:5.038323857438172,4.176958358797555,26.095363811775595
INFO:root:5.491019961731263,4.287018886272306,26.062704179639432
INFO:root:5.813635098300267,4.5621013910154,25.981251107295147
INFO:root:5.831859765133782,4.8035703605737785,25.859408896511013
INFO:root:5.6869632066455855,4.445424751830543,25.71877033976818
INFO:root:6.001438771139742,4.835038896017618,25.651757430938172
INFO:root:5.672471856511576,4.605360608568724,25.697178021644653
INFO:root:5.797469096797508,4.601399375166271,25.70929754025181
INFO:root:5.489925573759869,4.798454734158305,25.61000485877605
INFO:root:5.8311074761929635,4.7850052816504975,25.570224324494195
INFO:root:6.178602285875113,5.237904137990981,25.55597166896403
INFO:root:6.577597962242161,5.824637720532408,25.437413363751716
INFO:root:6.763724663343662,6.403896101716129,25.51103937661027
INFO:root:6.507956879173735,6.0324935483744495,25.47920142309518
INFO:root:6.573293153949068,6.139333915343256,25.377452036483046
INFO:root:7.015127585991351,6.608017059896084,25.18502859477936
INFO:root:6.719451607098619,6.77562719128111,25.147296829967928
INFO:root:6.590627817898631,6.632543787554668,25.10039285659004
INFO:root:6.304529314355172,6.794978193052776,25.008818867620672
INFO:root:6.131042074169215,6.417793357213863,24.931493409932198
INFO:root:5.865168628604816,6.122224411599644,24.783604903641788
