INFO:root:-0.049780482050092334,0.6121685127186256,29.81606376694778
INFO:root:0.3198761901075754,1.0430494423497925,29.712137649686078
INFO:root:0.04537232904445698,0.656318328958305,29.706790985829674
INFO:root:0.24925477383983008,0.885036328508229,29.769186774300756
INFO:root:0.3233410903541838,0.5156603017353252,29.8262693929072
INFO:root:0.6566219900855823,0.991323888587297,29.761247864149343
INFO:root:0.8372495272242432,0.8943139715653782,29.63450938624158
INFO:root:0.9653534998334077,0.6308130293116303,29.465341707973955
INFO:root:1.2115383419749648,0.4541258058879567,29.457399914361016
INFO:root:1.5349275301334715,0.7974230213195138,29.403206669737155
INFO:root:1.9782511048328293,0.7771163816094575,29.234310142658337
INFO:root:1.8950061806490637,1.2743748892943438,29.305514261221838
INFO:root:2.1933074124862295,1.5019729284250716,29.226948556244356
INFO:root:2.6142836608509796,1.899964892980392,29.26942057572533
INFO:root:2.655407539814616,2.000343857289041,29.22475988312948
INFO:root:2.709800932903214,2.1946448809049306,29.048896346320795
INFO:root:2.5435282632046685,2.492664395798779,29.071073399237203
INFO:root:2.2856099452911325,2.4935409950182144,29.05637701063291
INFO:root:2.7267924872579226,3.028720284068382,29.064126935770062
INFO:root:3.2076102377897246,2.908148071271929,28.94785222136272
INFO:root:3.465588612712347,2.5099112078366033,28.87565781784102
INFO:root:3.3735455115281097,3.005402086777537,28.860262641340782
INFO:root:3.3061006342460417,3.1782165148884576,28.85487676760142
INFO:root:3.3326349088020137,3.1678253789331228,28.912805117976575
INFO:root:3.7924145416992836,3.4879204018296077,28.967320221010677
INFO:root:3.7380581270154485,3.1632275056644796,28.79678640345742
INFO:root:3.879489617020614,3.449896180556174,28.8211561150445
INFO:root:3.8893757650888032,3.3028151074670045,28.641458412495943
INFO:root:4.102180737105094,3.4087579545209348,28.682343685126938
INFO:root:4.128898600805867,3.4376305751434546,28.508525695058275
INFO:root:3.9124050666067003,3.896919296994938,28.444200534054282
INFO:root:4.040970363756663,3.77484775637423,28.446470705784403
INFO:root:4.062136201255223,4.029160438826971,28.439922560267004
INFO:root:3.8863825492269526,4.604616571204197,28.42768327332418
INFO:root:3.5816238077593727,4.340969143707306,28.435976281762525
INFO:root:3.2875744063687717,4.279368550203688,28.407359121964568
INFO:root:3.0664956222714452,4.843366678527423,28.273272191083652
INFO:root:3.085793339059771,5.201760095236662,28.24733500317181
INFO:root:3.301084582948973,5.215254168174801,28.299849609854952
INFO:root:3.297088268335627,5.18120281034226,28.311247132482887
INFO:root:3.6938809005516657,4.95952291293268,28.168115687845408
INFO:root:4.172978139886468,5.194802800063229,28.226228753781296
INFO:root:4.14017124443235,5.443882644759927,28.30375634850236
INFO:root:4.20940293542415,5.093260471075236,28.2395895636257
INFO:root:4.17653890141954,4.68447916716076,28.147443925025875
INFO:root:4.674601236864469,4.502842424608296,27.986167901201124
INFO:root:4.405787241555121,4.90732679763125,27.947468004181342
INFO:root:4.368476920221492,5.0600912464229335,27.976568213814726
INFO:root:4.655312837802181,5.005276236902685,27.912821920975183
INFO:root:4.898850316443874,5.236122621336044,27.763333995518657
INFO:root:5.2292034891201755,5.412509413247797,27.66229298074125
INFO:root:5.430257591739565,5.872953295029323,27.674273073293694
INFO:root:5.330582734681802,6.214257240999433,27.647984745618075
INFO:root:5.574029534796924,5.967429563043022,27.52408161515561
INFO:root:5.807171218783242,6.538522087138993,27.369422579503965
INFO:root:5.500682843987144,6.85436338772156,27.42150336456836
INFO:root:5.928648037442747,6.956387238414712,27.281746089445665
INFO:root:5.8062102735777295,7.296147980837144,27.11885096960966
INFO:root:5.561351471570729,7.225186775707369,27.126383089373128
INFO:root:5.513337247921315,7.549523285220586,27.0738981403068
INFO:root:5.937514365888429,7.909624014482508,26.87996419983771
INFO:root:6.421022599087514,7.735207383933691,26.818251888242315
INFO:root:6.558319476374962,7.570167925993514,26.647935008041767
INFO:root:6.336831148339728,7.789513870925441,26.551305709615136
INFO:root:6.364664492063928,8.17796847027538,26.608236141925556
INFO:root:6.565729411232496,8.666736860154135,26.47559992085013
INFO:root:6.293135281203048,9.033317589761925,26.43731410625481
INFO:root:6.50176035632928,9.474089236157708,26.477438453479536
INFO:root:6.886986543109394,9.927027541286993,26.434016159543113
INFO:root:6.780603808229754,9.86895745009766,26.241343823700454
INFO:root:6.826508611606858,9.706700531289053,26.31762786198647
INFO:root:6.683894882943271,9.679225358006754,26.127465806118668
INFO:root:6.899997596865525,9.889350328854617,26.032705490481735
INFO:root:6.880736700737176,10.434278151619562,26.048783338433264
INFO:root:6.897262503476823,10.81382183579649,26.09900576448472
INFO:root:6.842332838675849,11.259750976518509,26.061638703886594
INFO:root:7.3224929057022665,11.648432835769443,26.063324032684374
INFO:root:7.366270902957322,11.707800800606186,25.95374352346704
INFO:root:7.164453476074014,12.166287130011263,25.82649567653928
INFO:root:7.312090946770002,12.395521869268357,25.769712237917958
INFO:root:7.593159949331858,12.014319004216595,25.721034459912115
INFO:root:7.960936653702138,12.213875698526738,25.604648900416723
