INFO:root:0.3430780211308211,0.5824789575678776,30.002491093456634
INFO:root:0.38414555867486444,0.6464364244899214,30.005576788865067
INFO:root:0.4512056316603379,1.137360327345416,29.97698111272613
INFO:root:0.5297019466961601,0.901436288047396,30.02694587375626
INFO:root:0.20074737378004603,0.5578620257605886,29.844052660137475
INFO:root:0.263498060819638,0.42224371401638816,29.78021037528635
INFO:root:0.32242120026845433,0.41278853041752,29.67419094463239
INFO:root:0.5260792877895395,0.7548520638125883,29.542244728789935
INFO:root:0.17946031265907875,1.1350615329554519,29.41551080241976
INFO:root:-0.06202607252918746,0.8990112911969691,29.476920779359347
INFO:root:-0.3185724522073702,0.6134619362810239,29.390374197465494
INFO:root:-0.6430236623998624,0.5394418776469728,29.27366025732148
INFO:root:-0.6383316937319569,0.9127036568071286,29.189635412966883
INFO:root:-0.2413180914289217,1.2956203961214139,29.155953420793345
INFO:root:-0.12720298282966858,1.0544442426755518,29.18807364373642
INFO:root:-0.17471430546502986,1.0219655299605996,28.998433124383606
INFO:root:-0.3284455172445315,1.586511529788384,29.071413054760924
INFO:root:-0.28118109291311527,1.834724150259695,28.987387033977196
INFO:root:-0.466833667514238,2.030949618624045,28.930376836842875
INFO:root:-0.46470847648040736,2.4905877697211016,28.912943858639746
INFO:root:-0.27389749757613224,2.811203683486138,28.873936503000497
INFO:root:0.1713938029335933,2.5682082560441524,28.911398820291158
INFO:root:0.3285751445460987,2.8866658769478946,28.899377698866616
INFO:root:0.47419400310820536,3.2196014249289795,28.93714614616585
INFO:root:0.2973763537571631,3.290545582984195,28.92478590498228
INFO:root:0.09720286057292621,3.0521199897445106,29.004292105968503
INFO:root:0.12404686190025654,2.726186941176299,28.906421597558865
INFO:root:-0.037267142550557075,2.6396496217844327,28.97177213893108
INFO:root:0.1420769010409375,2.3630852618587332,28.88318941366324
INFO:root:0.1660705194457895,2.607351593083176,28.815047613497462
INFO:root:-0.06773767704701045,2.8216690005518505,28.62626862502443
INFO:root:0.14707254104936512,2.495814521784366,28.69843392857881
INFO:root:-0.1256073156430692,2.2474289531336065,28.513052523534213
INFO:root:0.23250165271298145,2.342547898760539,28.40705143066042
INFO:root:0.1755674447449923,2.645416131530221,28.316898402180744
INFO:root:0.11120526945912657,2.5701293843125477,28.24996302681979
INFO:root:-0.1847805225300071,2.1660554261173273,28.1122887053716
INFO:root:0.2308518073522181,1.9723465060706162,27.99617296905042
INFO:root:0.5353213695660883,1.9298318070597855,28.007216260222556
INFO:root:0.3464821615060496,2.2987701147006785,27.96380748249091
INFO:root:0.2475502229686093,1.9004268795471002,27.771573688538748
INFO:root:0.6567683699030785,1.6856589633386774,27.720168161364686
INFO:root:0.37586830387508924,1.6157376503281073,27.53643622949126
INFO:root:0.12042902231959418,1.7155377224228652,27.354619904594966
INFO:root:0.17088405082138208,1.8234879838320377,27.223941836218074
INFO:root:-0.08107087477828673,1.449781391337767,27.172271781086728
INFO:root:-0.21797766187894826,1.1458370213230973,27.178063197924264
INFO:root:-0.39474235516573764,1.4646662563873567,27.234843999762887
INFO:root:-0.3342823940938622,1.447552974722998,27.205948872555656
INFO:root:-0.07687379146402751,1.3960664889821537,27.260604651998097
INFO:root:0.14519525564785207,1.3636179531745964,27.18559333455528
INFO:root:0.5503889128839496,1.4844692983583327,26.987014677052315
INFO:root:0.7566886758658199,1.087400426733704,26.99476923184944
INFO:root:1.215039638062521,1.3143691134167694,26.951082290916812
INFO:root:1.1074495413974392,1.1943201514778676,26.98406105943271
INFO:root:0.9186068163844329,0.8398834148738195,26.835686790421303
INFO:root:0.7504877492955118,0.4376246496469487,26.774071835704316
INFO:root:0.4046217395395122,0.3830512334718813,26.59832866913886
INFO:root:0.3758228384272318,0.42370576888703093,26.571807654707378
INFO:root:0.8121616813018504,0.15657850794717104,26.62804661878542
INFO:root:1.119825945717667,-0.12213973019798552,26.642100865203922
INFO:root:0.7871260871438586,0.027651379921199676,26.495957436256464
INFO:root:1.2670606645436222,-0.14062008548343335,26.40445639928819
INFO:root:0.935652096551258,0.3523446163932636,26.23328093031359
INFO:root:0.9528444191945658,0.009969954506810541,26.202423926897655
INFO:root:0.8942051619634315,-0.40863784276258813,26.220135882585453
INFO:root:0.6547213827718084,-0.3734490712191012,26.18460472551639
INFO:root:0.5779613348662977,-0.6627164712500255,26.150034103969706
INFO:root:0.8658636917254442,-0.6304488601105349,26.054806477102048
INFO:root:1.2652476926928506,-0.39564150548890953,26.044762543017928
INFO:root:1.5360629616602615,-0.1730455892748311,25.8686564859161
INFO:root:1.9764319356934277,0.2598069693117586,25.718953039424957
INFO:root:1.6271452333028058,0.6635105236829082,25.59341812091312
INFO:root:1.5964510459705408,0.4371127159150067,25.425140250069667
INFO:root:1.8901048148536561,0.45641427205459456,25.325016675165266
INFO:root:1.7800428931870391,0.3898189973824473,25.209024942401438
INFO:root:1.6117242429209,0.7673913213735235,25.177087385756632
INFO:root:1.663099760705397,1.2012851941622793,25.244122572027088
INFO:root:2.1346565299017586,0.7869982298906313,25.30639613817553
INFO:root:1.881391755719183,1.303495061951006,25.38184052837688
INFO:root:2.3024591324260455,1.6522104611252055,25.28733627119215
INFO:root:2.7071655728078,1.2327876912589089,25.301922666582243
INFO:root:2.365654193883909,1.1327568662946428,25.320224698816528
INFO:root:2.11922799191837,1.1728034301982382,25.19989359907487
INFO:root:1.8847276944923956,1.5126323259790917,25.25533658952555
INFO:root:2.329430639167816,1.3606676159220292,25.241092880492804
INFO:root:2.2366050741053836,1.5446478224875786,25.27126973397536
INFO:root:2.2256200752074276,1.8681781532001245,25.240396454314244
INFO:root:1.8866073602930928,1.9178087871653255,25.253421176977668
INFO:root:2.084694452699509,2.2868486979067253,25.115449703085364
INFO:root:2.247844942433684,1.987105871123856,25.151265526697998
INFO:root:2.4047879034697273,1.6644240151009946,25.164780199381017
INFO:root:2.4296094761529634,1.548890125189974,25.013960934641112
INFO:root:2.5807758888170076,1.3369894508541738,24.8694449206928
INFO:root:2.9112088017521374,1.5443831710491278,24.698356670647588
INFO:root:2.9418304586893673,1.9904172414296113,24.768454966649255
INFO:root:3.1678781201106014,2.3279327165413277,24.754975352253737
INFO:root:3.368938682826877,2.764346253472648,24.704420820161115
INFO:root:3.576387947246813,2.7869779295698454,24.592686229457907
INFO:root:3.607907295145631,3.2190774920089265,24.605592049263215
